<?xml version="1.0" encoding="UTF-8"?>
<testsuite xmlns:xsi="http://www.w3.org/2001/XMLSchema-instance" xsi:noNamespaceSchemaLocation="https://maven.apache.org/surefire/maven-surefire-plugin/xsd/surefire-test-report.xsd" name="world.BulletTest" time="0" tests="4" errors="0" skipped="0" failures="0">
  <properties>
    <property name="sun.desktop" value="windows"/>
    <property name="awt.toolkit" value="sun.awt.windows.WToolkit"/>
    <property name="file.encoding.pkg" value="sun.io"/>
    <property name="java.specification.version" value="1.8"/>
    <property name="sun.cpu.isalist" value="amd64"/>
    <property name="sun.jnu.encoding" value="GBK"/>
    <property name="java.class.path" value="D:\Workspace2\Java_Program\jw08-final-ye191220142\target\test-classes;D:\Workspace2\Java_Program\jw08-final-ye191220142\target\classes;C:\Users\1\.m2\repository\junit\junit\4.11\junit-4.11.jar;C:\Users\1\.m2\repository\org\hamcrest\hamcrest-core\1.3\hamcrest-core-1.3.jar;"/>
    <property name="java.vm.vendor" value="Oracle Corporation"/>
    <property name="sun.arch.data.model" value="64"/>
    <property name="user.variant" value=""/>
    <property name="java.vendor.url" value="http://java.oracle.com/"/>
    <property name="user.timezone" value="Asia/Shanghai"/>
    <property name="java.vm.specification.version" value="1.8"/>
    <property name="os.name" value="Windows 10"/>
    <property name="user.country" value="CN"/>
    <property name="sun.java.launcher" value="SUN_STANDARD"/>
    <property name="sun.boot.library.path" value="D:\Workspace2\Java\jdk1.8.0_231\jre\bin"/>
    <property name="sun.java.command" value="C:\Users\1\AppData\Local\Temp\surefire1896164434187396880\surefirebooter8362628717476478183.jar C:\Users\1\AppData\Local\Temp\surefire1896164434187396880 2021-12-31T02-26-32_049-jvmRun1 surefire5065951358179403642tmp surefire_06067794555729023079tmp"/>
    <property name="surefire.test.class.path" value="D:\Workspace2\Java_Program\jw08-final-ye191220142\target\test-classes;D:\Workspace2\Java_Program\jw08-final-ye191220142\target\classes;C:\Users\1\.m2\repository\junit\junit\4.11\junit-4.11.jar;C:\Users\1\.m2\repository\org\hamcrest\hamcrest-core\1.3\hamcrest-core-1.3.jar;"/>
    <property name="sun.cpu.endian" value="little"/>
    <property name="user.home" value="C:\Users\1"/>
    <property name="user.language" value="zh"/>
    <property name="java.specification.vendor" value="Oracle Corporation"/>
    <property name="java.home" value="D:\Workspace2\Java\jdk1.8.0_231\jre"/>
    <property name="basedir" value="D:\Workspace2\Java_Program\jw08-final-ye191220142"/>
    <property name="file.separator" value="\"/>
    <property name="line.separator" value="&#10;"/>
    <property name="java.vm.specification.vendor" value="Oracle Corporation"/>
    <property name="java.specification.name" value="Java Platform API Specification"/>
    <property name="java.awt.graphicsenv" value="sun.awt.Win32GraphicsEnvironment"/>
    <property name="surefire.real.class.path" value="C:\Users\1\AppData\Local\Temp\surefire1896164434187396880\surefirebooter8362628717476478183.jar"/>
    <property name="sun.boot.class.path" value="D:\Workspace2\Java\jdk1.8.0_231\jre\lib\resources.jar;D:\Workspace2\Java\jdk1.8.0_231\jre\lib\rt.jar;D:\Workspace2\Java\jdk1.8.0_231\jre\lib\sunrsasign.jar;D:\Workspace2\Java\jdk1.8.0_231\jre\lib\jsse.jar;D:\Workspace2\Java\jdk1.8.0_231\jre\lib\jce.jar;D:\Workspace2\Java\jdk1.8.0_231\jre\lib\charsets.jar;D:\Workspace2\Java\jdk1.8.0_231\jre\lib\jfr.jar;D:\Workspace2\Java\jdk1.8.0_231\jre\classes"/>
    <property name="user.script" value=""/>
    <property name="sun.management.compiler" value="HotSpot 64-Bit Tiered Compilers"/>
    <property name="java.runtime.version" value="1.8.0_231-b11"/>
    <property name="user.name" value="1"/>
    <property name="path.separator" value=";"/>
    <property name="os.version" value="10.0"/>
    <property name="java.endorsed.dirs" value="D:\Workspace2\Java\jdk1.8.0_231\jre\lib\endorsed"/>
    <property name="java.runtime.name" value="Java(TM) SE Runtime Environment"/>
    <property name="file.encoding" value="GBK"/>
    <property name="java.vm.name" value="Java HotSpot(TM) 64-Bit Server VM"/>
    <property name="localRepository" value="C:\Users\1\.m2\repository"/>
    <property name="java.vendor.url.bug" value="http://bugreport.sun.com/bugreport/"/>
    <property name="java.io.tmpdir" value="C:\Users\1\AppData\Local\Temp\"/>
    <property name="java.version" value="1.8.0_231"/>
    <property name="user.dir" value="D:\Workspace2\Java_Program\jw08-final-ye191220142"/>
    <property name="os.arch" value="amd64"/>
    <property name="java.vm.specification.name" value="Java Virtual Machine Specification"/>
    <property name="java.awt.printerjob" value="sun.awt.windows.WPrinterJob"/>
    <property name="sun.os.patch.level" value=""/>
    <property name="java.library.path" value="D:\Workspace2\Java\jdk1.8.0_231\jre\bin;C:\WINDOWS\Sun\Java\bin;C:\WINDOWS\system32;C:\WINDOWS;D:\Moss\Perl64\site\bin;D:\Moss\Perl64\bin;D:\Workspace2\Java\jdk1.8.0_231\bin;C:\Program Files\Common Files\Oracle\Java\javapath;C:\Program Files (x86)\Common Files\Oracle\Java\javapath;D:\VMware\bin\;C:\windows\system32;C:\windows;C:\windows\System32\Wbem;C:\windows\System32\WindowsPowerShell\v1.0\;C:\windows\System32\OpenSSH\;C:\Program Files (x86)\NVIDIA Corporation\PhysX\Common;C:\Program Files\NVIDIA Corporation\NVIDIA NvDLISR;C:\WINDOWS\system32;C:\WINDOWS;C:\WINDOWS\System32\Wbem;C:\WINDOWS\System32\WindowsPowerShell\v1.0\;C:\WINDOWS\System32\OpenSSH\;C:\Program Files\nodejs\;C:\Program Files\Git\cmd;D:\Workspace2\graphviz\bin;D:\Qt\Qt5.14.2\5.14.2\mingw73_64\bin;D:\Qt\Qt5.14.2\5.14.2\msvc2017_64\bin;C:\Strawberry\c\bin;C:\Strawberry\perl\site\bin;C:\Strawberry\perl\bin;C:\Users\1\AppData\Local\Android\Sdk\platform-tools;C:\Users\1\AppData\Local\Android\Sdk\tools;D:\Workspace2\Python\Python39;D:\Workspace2\Python\Python310;C:\Users\1\AppData\Local\Android\Sdk\build-tools\30.0.2;D:\Workspace2\SE\E5\testscript_repair_tool\src;D:\Workspace2\apache-maven-3.8.4\bin;D:\Workspace2\Python\Python39\Scripts\;D:\Workspace2\Python\Python39\;C:\Users\1\AppData\Local\Programs\Python\Python310\Scripts\;C:\Users\1\AppData\Local\Programs\Python\Python310\;D:\Workspace2\Python\Python310\Scripts\;D:\Workspace2\Python\Python310\;C:\Users\1\AppData\Local\Microsoft\WindowsApps;C:\Users\1\AppData\Roaming\npm;D:\VSCode\Microsoft VS Code\bin;D:\PyCharm\PyCharm Community Edition 2021.3\bin;."/>
    <property name="java.vm.info" value="mixed mode"/>
    <property name="java.vendor" value="Oracle Corporation"/>
    <property name="java.vm.version" value="25.231-b11"/>
    <property name="java.ext.dirs" value="D:\Workspace2\Java\jdk1.8.0_231\jre\lib\ext;C:\WINDOWS\Sun\Java\lib\ext"/>
    <property name="sun.io.unicode.encoding" value="UnicodeLittle"/>
    <property name="java.class.version" value="52.0"/>
  </properties>
  <testcase name="testDir" classname="world.BulletTest" time="0"/>
  <testcase name="testPos" classname="world.BulletTest" time="0"/>
  <testcase name="testColor" classname="world.BulletTest" time="0"/>
  <testcase name="testAttack" classname="world.BulletTest" time="0"/>
</testsuite>